[debug] [2017-06-13T21:42:19.409Z] ----------------------------------------------------------------------
[debug] [2017-06-13T21:42:19.411Z] Command:      C:\Program Files\nodejs\node.exe C:\Program Files\nodejs\node_modules\firebase-tools\bin\firebase init
[debug] [2017-06-13T21:42:19.411Z] CLI Version:  3.9.1
[debug] [2017-06-13T21:42:19.411Z] Platform:     win32
[debug] [2017-06-13T21:42:19.411Z] Node Version: v8.1.0
[debug] [2017-06-13T21:42:19.412Z] Time:         Tue Jun 13 2017 17:42:19 GMT-0400 (Eastern Daylight Time)
[debug] [2017-06-13T21:42:19.412Z] ----------------------------------------------------------------------
[debug] 
[debug] [2017-06-13T21:42:19.421Z] > command requires scopes: ["email","openid","https://www.googleapis.com/auth/cloudplatformprojects.readonly","https://www.googleapis.com/auth/firebase"]
[debug] [2017-06-13T21:42:19.422Z] > authorizing via signed-in user
[info] 
     ######## #### ########  ######## ########     ###     ######  ########
     ##        ##  ##     ## ##       ##     ##  ##   ##  ##       ##
     ######    ##  ########  ######   ########  #########  ######  ######
     ##        ##  ##    ##  ##       ##     ## ##     ##       ## ##
     ##       #### ##     ## ######## ########  ##     ##  ######  ########

You're about to initialize a Firebase project in this directory:

  C:\Users\bednartd\Documents\GitHub\CSSE490\movie-quotes\MovieQuotes

[debug] [2017-06-13T21:44:56.893Z] ----------------------------------------------------------------------
[debug] [2017-06-13T21:44:56.895Z] Command:      C:\Program Files\nodejs\node.exe C:\Program Files\nodejs\node_modules\firebase-tools\bin\firebase init
[debug] [2017-06-13T21:44:56.895Z] CLI Version:  3.9.1
[debug] [2017-06-13T21:44:56.895Z] Platform:     win32
[debug] [2017-06-13T21:44:56.895Z] Node Version: v8.1.0
[debug] [2017-06-13T21:44:56.896Z] Time:         Tue Jun 13 2017 17:44:56 GMT-0400 (Eastern Daylight Time)
[debug] [2017-06-13T21:44:56.896Z] ----------------------------------------------------------------------
[debug] 
[debug] [2017-06-13T21:44:56.905Z] > command requires scopes: ["email","openid","https://www.googleapis.com/auth/cloudplatformprojects.readonly","https://www.googleapis.com/auth/firebase"]
[debug] [2017-06-13T21:44:56.906Z] > authorizing via signed-in user
[info] 
     ######## #### ########  ######## ########     ###     ######  ########
     ##        ##  ##     ## ##       ##     ##  ##   ##  ##       ##
     ######    ##  ########  ######   ########  #########  ######  ######
     ##        ##  ##    ##  ##       ##     ## ##     ##       ## ##
     ##       #### ##     ## ######## ########  ##     ##  ######  ########

You're about to initialize a Firebase project in this directory:

  C:\Users\bednartd\Documents\GitHub\CSSE490\movie-quotes\MovieQuotes

